<?xml version="1.0" encoding="UTF-8"?>
<!-- Generated by org.testng.reporters.JUnitReportReporter -->
<testsuite skipped="0" hostname="TVMATP312499M" name="com.eBay.tests.SmokeTests" tests="1" failures="0" timestamp="26 Jun 2018 15:35:03 GMT" time="56.444" errors="0">
  <testcase name="smoketest" time="56.444" classname="com.eBay.tests.SmokeTests"/>
</testsuite> <!-- com.eBay.tests.SmokeTests -->
